<?xml version="1.0" encoding="UTF-8"?>
<!-- Generated by org.testng.reporters.JUnitXMLReporter -->
<testsuite hostname="CORE08" ignored="0" name="Default test" tests="10" failures="0" timestamp="2020-10-15T11:00:25 IST" time="254.704" errors="0">
  <testcase name="searchByAllStatusTicketListing" time="34.8" classname="testcase.payrollHelpDesk.PayrollHelpDesk_TicketListingTests"/>
  <testcase name="searchByOpenStatusTicketListing" time="18.461" classname="testcase.payrollHelpDesk.PayrollHelpDesk_TicketListingTests"/>
  <testcase name="searchByClosedStatusTicketListing" time="20.14" classname="testcase.payrollHelpDesk.PayrollHelpDesk_TicketListingTests"/>
  <testcase name="searchByPendingStatusTicketListing" time="18.65" classname="testcase.payrollHelpDesk.PayrollHelpDesk_TicketListingTests"/>
  <testcase name="searchByOnHoldStatusTicketListing" time="18.535" classname="testcase.payrollHelpDesk.PayrollHelpDesk_TicketListingTests"/>
  <testcase name="searchByReOpenStatusTicketListing" time="18.69" classname="testcase.payrollHelpDesk.PayrollHelpDesk_TicketListingTests"/>
  <testcase name="searchByAssignToMeStatusTicketListing" time="5.495" classname="testcase.payrollHelpDesk.PayrollHelpDesk_TicketListingTests"/>
  <testcase name="viewTicket" time="35.972" classname="testcase.payrollHelpDesk.PayrollHelpDesk_TicketListingTests"/>
  <testcase name="deleteTicket" time="36.02" classname="testcase.payrollHelpDesk.PayrollHelpDesk_TicketListingTests"/>
  <testcase name="downloadTicket" time="36.011" classname="testcase.payrollHelpDesk.PayrollHelpDesk_TicketListingTests"/>
</testsuite> <!-- Default test -->
