<?xml version="1.0" encoding="UTF-8"?>
<testng-results skipped="0" failed="0" ignored="0" total="10" passed="10">
  <reporter-output>
    <line>
      <![CDATA[SUCCESSFULLY login by Admin User]]>
    </line>
  </reporter-output>
  <suite name="Default suite" duration-ms="254704" started-at="2020-10-15T10:56:10 IST" finished-at="2020-10-15T11:00:25 IST">
    <groups>
    </groups>
    <test name="Default test" duration-ms="254704" started-at="2020-10-15T10:56:10 IST" finished-at="2020-10-15T11:00:25 IST">
      <class name="testcase.payrollHelpDesk.PayrollHelpDesk_TicketListingTests">
        <test-method status="PASS" signature="initialBrowserDriver()[pri:0, instance:testcase.payrollHelpDesk.PayrollHelpDesk_TicketListingTests@1f554b06]" name="initialBrowserDriver" is-config="true" duration-ms="11844" started-at="2020-10-15T10:56:10 IST" finished-at="2020-10-15T10:56:22 IST">
          <reporter-output>
          </reporter-output>
        </test-method> <!-- initialBrowserDriver -->
        <test-method status="PASS" signature="searchByAllStatusTicketListing()[pri:1, instance:testcase.payrollHelpDesk.PayrollHelpDesk_TicketListingTests@1f554b06]" name="searchByAllStatusTicketListing" duration-ms="34800" started-at="2020-10-15T10:56:22 IST" finished-at="2020-10-15T10:56:57 IST">
          <reporter-output>
            <line>
              <![CDATA[SUCCESSFULLY login by Admin User]]>
            </line>
          </reporter-output>
        </test-method> <!-- searchByAllStatusTicketListing -->
        <test-method status="PASS" signature="searchByOpenStatusTicketListing()[pri:2, instance:testcase.payrollHelpDesk.PayrollHelpDesk_TicketListingTests@1f554b06]" name="searchByOpenStatusTicketListing" duration-ms="18461" started-at="2020-10-15T10:56:57 IST" finished-at="2020-10-15T10:57:16 IST">
          <reporter-output>
          </reporter-output>
        </test-method> <!-- searchByOpenStatusTicketListing -->
        <test-method status="PASS" signature="searchByClosedStatusTicketListing()[pri:3, instance:testcase.payrollHelpDesk.PayrollHelpDesk_TicketListingTests@1f554b06]" name="searchByClosedStatusTicketListing" duration-ms="20140" started-at="2020-10-15T10:57:16 IST" finished-at="2020-10-15T10:57:36 IST">
          <reporter-output>
          </reporter-output>
        </test-method> <!-- searchByClosedStatusTicketListing -->
        <test-method status="PASS" signature="searchByPendingStatusTicketListing()[pri:4, instance:testcase.payrollHelpDesk.PayrollHelpDesk_TicketListingTests@1f554b06]" name="searchByPendingStatusTicketListing" duration-ms="18650" started-at="2020-10-15T10:57:36 IST" finished-at="2020-10-15T10:57:54 IST">
          <reporter-output>
          </reporter-output>
        </test-method> <!-- searchByPendingStatusTicketListing -->
        <test-method status="PASS" signature="searchByOnHoldStatusTicketListing()[pri:5, instance:testcase.payrollHelpDesk.PayrollHelpDesk_TicketListingTests@1f554b06]" name="searchByOnHoldStatusTicketListing" duration-ms="18535" started-at="2020-10-15T10:57:54 IST" finished-at="2020-10-15T10:58:13 IST">
          <reporter-output>
          </reporter-output>
        </test-method> <!-- searchByOnHoldStatusTicketListing -->
        <test-method status="PASS" signature="searchByReOpenStatusTicketListing()[pri:6, instance:testcase.payrollHelpDesk.PayrollHelpDesk_TicketListingTests@1f554b06]" name="searchByReOpenStatusTicketListing" duration-ms="18690" started-at="2020-10-15T10:58:13 IST" finished-at="2020-10-15T10:58:32 IST">
          <reporter-output>
          </reporter-output>
        </test-method> <!-- searchByReOpenStatusTicketListing -->
        <test-method status="PASS" signature="searchByAssignToMeStatusTicketListing()[pri:7, instance:testcase.payrollHelpDesk.PayrollHelpDesk_TicketListingTests@1f554b06]" name="searchByAssignToMeStatusTicketListing" duration-ms="5495" started-at="2020-10-15T10:58:32 IST" finished-at="2020-10-15T10:58:37 IST">
          <reporter-output>
          </reporter-output>
        </test-method> <!-- searchByAssignToMeStatusTicketListing -->
        <test-method status="PASS" signature="viewTicket()[pri:8, instance:testcase.payrollHelpDesk.PayrollHelpDesk_TicketListingTests@1f554b06]" name="viewTicket" duration-ms="35972" started-at="2020-10-15T10:58:37 IST" finished-at="2020-10-15T10:59:13 IST">
          <reporter-output>
          </reporter-output>
        </test-method> <!-- viewTicket -->
        <test-method status="PASS" signature="deleteTicket()[pri:9, instance:testcase.payrollHelpDesk.PayrollHelpDesk_TicketListingTests@1f554b06]" name="deleteTicket" duration-ms="36020" started-at="2020-10-15T10:59:13 IST" finished-at="2020-10-15T10:59:49 IST">
          <reporter-output>
          </reporter-output>
        </test-method> <!-- deleteTicket -->
        <test-method status="PASS" signature="downloadTicket()[pri:10, instance:testcase.payrollHelpDesk.PayrollHelpDesk_TicketListingTests@1f554b06]" name="downloadTicket" duration-ms="36011" started-at="2020-10-15T10:59:49 IST" finished-at="2020-10-15T11:00:25 IST">
          <reporter-output>
          </reporter-output>
        </test-method> <!-- downloadTicket -->
      </class> <!-- testcase.payrollHelpDesk.PayrollHelpDesk_TicketListingTests -->
    </test> <!-- Default test -->
  </suite> <!-- Default suite -->
</testng-results>
